Using TensorFlow backend.
/usr/lib64/python2.7/site-packages/sklearn/cross_validation.py:44: DeprecationWarning: This module was deprecated in version 0.18 in favor of the model_selection module into which all the refactored classes and functions are moved. Also note that the interface of the new CV iterators are different from that of this module. This module will be removed in 0.20.
  "This module will be removed in 0.20.", DeprecationWarning)
nn.py:31: UserWarning: Update your `Dense` call to the Keras 2 API: `Dense(8, activation="relu", kernel_initializer="normal", input_dim=31)`
  model.add(Dense(8, input_dim=31, init='normal', activation='relu'))
nn.py:32: UserWarning: Update your `Dense` call to the Keras 2 API: `Dense(11, activation="sigmoid", kernel_initializer="normal")`
  model.add(Dense(11, init='normal', activation='sigmoid'))
2018-03-28 17:48:53.684737: W tensorflow/core/platform/cpu_feature_guard.cc:45] The TensorFlow library wasn't compiled to use SSE4.1 instructions, but these are available on your machine and could speed up CPU computations.
2018-03-28 17:48:53.684785: W tensorflow/core/platform/cpu_feature_guard.cc:45] The TensorFlow library wasn't compiled to use SSE4.2 instructions, but these are available on your machine and could speed up CPU computations.
2018-03-28 17:48:53.684794: W tensorflow/core/platform/cpu_feature_guard.cc:45] The TensorFlow library wasn't compiled to use AVX instructions, but these are available on your machine and could speed up CPU computations.
2018-03-28 17:48:53.684800: W tensorflow/core/platform/cpu_feature_guard.cc:45] The TensorFlow library wasn't compiled to use AVX2 instructions, but these are available on your machine and could speed up CPU computations.
2018-03-28 17:48:53.684807: W tensorflow/core/platform/cpu_feature_guard.cc:45] The TensorFlow library wasn't compiled to use FMA instructions, but these are available on your machine and could speed up CPU computations.
2018-03-28 17:48:54.010670: I tensorflow/core/common_runtime/gpu/gpu_device.cc:955] Found device 0 with properties: 
name: Tesla K40m
major: 3 minor: 5 memoryClockRate (GHz) 0.745
pciBusID 0000:81:00.0
Total memory: 11.17GiB
Free memory: 7.67GiB
2018-03-28 17:48:54.010712: I tensorflow/core/common_runtime/gpu/gpu_device.cc:976] DMA: 0 
2018-03-28 17:48:54.010720: I tensorflow/core/common_runtime/gpu/gpu_device.cc:986] 0:   Y 
2018-03-28 17:48:54.010731: I tensorflow/core/common_runtime/gpu/gpu_device.cc:1045] Creating TensorFlow device (/gpu:0) -> (device: 0, name: Tesla K40m, pci bus id: 0000:81:00.0)
Baseline: 12.15% (0.11%)
